<?xml version="1.0" encoding="UTF-8"?>
<testng-results ignored="0" total="1" passed="1" failed="0" skipped="0">
  <reporter-output>
  </reporter-output>
  <suite started-at="2025-04-20T21:31:51 IST" name="Default suite" finished-at="2025-04-20T21:32:13 IST" duration-ms="22327">
    <groups>
    </groups>
    <test started-at="2025-04-20T21:31:51 IST" name="Default test" finished-at="2025-04-20T21:32:13 IST" duration-ms="22327">
      <class name="TEST.Test">
        <test-method is-config="true" signature="Setup()[pri:0, instance:TEST.Test@bccb269]" started-at="2025-04-20T21:31:51 IST" name="Setup" finished-at="2025-04-20T21:31:54 IST" duration-ms="3001" status="PASS">
          <reporter-output>
          </reporter-output>
        </test-method> <!-- Setup -->
        <test-method is-config="true" signature="Start()[pri:0, instance:TEST.Test@bccb269]" started-at="2025-04-20T21:31:54 IST" name="Start" finished-at="2025-04-20T21:32:01 IST" duration-ms="7064" status="PASS">
          <reporter-output>
          </reporter-output>
        </test-method> <!-- Start -->
        <test-method signature="Function()[pri:0, instance:TEST.Test@bccb269]" started-at="2025-04-20T21:32:01 IST" name="Function" finished-at="2025-04-20T21:32:13 IST" duration-ms="12191" status="PASS">
          <reporter-output>
          </reporter-output>
        </test-method> <!-- Function -->
      </class> <!-- TEST.Test -->
    </test> <!-- Default test -->
  </suite> <!-- Default suite -->
</testng-results>
